<?xml version="1.0" encoding="UTF-8"?>
<coverage generated="1683369217051" clover="3.2.0">
  <project timestamp="1683369217051" name="All files">
    <metrics statements="13" coveredstatements="8" conditionals="8" coveredconditionals="4" methods="2" coveredmethods="1" elements="23" coveredelements="13" complexity="0" loc="13" ncloc="13" packages="1" files="1" classes="1"/>
    <file name="app.js" path="C:\Users\elain\Documents\brainnest\unit-testing-assignment\scripts\app.js">
      <metrics statements="13" coveredstatements="8" conditionals="8" coveredconditionals="4" methods="2" coveredmethods="1"/>
      <line num="4" count="0" type="cond" truecount="0" falsecount="4"/>
      <line num="5" count="0" type="stmt"/>
      <line num="8" count="0" type="stmt"/>
      <line num="10" count="0" type="stmt"/>
      <line num="12" count="0" type="stmt"/>
      <line num="21" count="10" type="cond" truecount="4" falsecount="0"/>
      <line num="22" count="3" type="stmt"/>
      <line num="25" count="7" type="stmt"/>
      <line num="28" count="7" type="stmt"/>
      <line num="31" count="7" type="stmt"/>
      <line num="32" count="7" type="stmt"/>
      <line num="34" count="7" type="stmt"/>
      <line num="37" count="1" type="stmt"/>
    </file>
  </project>
</coverage>
