<?xml version="1.0" encoding="UTF-8"?>
<coverage generated="1683390793905" clover="3.2.0">
  <project timestamp="1683390793905" name="All files">
    <metrics statements="53" coveredstatements="50" conditionals="45" coveredconditionals="41" methods="8" coveredmethods="8" elements="106" coveredelements="99" complexity="0" loc="53" ncloc="53" packages="1" files="3" classes="3"/>
    <file name="calculator.js" path="C:\Users\elain\Documents\brainnest\unit-testing-assignment\scripts\calculator.js">
      <metrics statements="13" coveredstatements="12" conditionals="12" coveredconditionals="11" methods="5" coveredmethods="5"/>
      <line num="1" count="1" type="stmt"/>
      <line num="3" count="7" type="stmt"/>
      <line num="6" count="6" type="stmt"/>
      <line num="9" count="6" type="stmt"/>
      <line num="12" count="6" type="cond" truecount="3" falsecount="1"/>
      <line num="13" count="0" type="stmt"/>
      <line num="14" count="6" type="cond" truecount="4" falsecount="0"/>
      <line num="15" count="1" type="stmt"/>
      <line num="17" count="5" type="stmt"/>
      <line num="22" count="29" type="cond" truecount="4" falsecount="0"/>
      <line num="23" count="4" type="stmt"/>
      <line num="27" count="25" type="stmt"/>
      <line num="30" count="1" type="stmt"/>
    </file>
    <file name="cipher.js" path="C:\Users\elain\Documents\brainnest\unit-testing-assignment\scripts\cipher.js">
      <metrics statements="27" coveredstatements="25" conditionals="25" coveredconditionals="22" methods="1" coveredmethods="1"/>
      <line num="1" count="1" type="stmt"/>
      <line num="4" count="17" type="cond" truecount="2" falsecount="0"/>
      <line num="5" count="2" type="stmt"/>
      <line num="6" count="15" type="cond" truecount="5" falsecount="0"/>
      <line num="7" count="3" type="stmt"/>
      <line num="10" count="12" type="stmt"/>
      <line num="11" count="12" type="stmt"/>
      <line num="13" count="12" type="cond" truecount="4" falsecount="0"/>
      <line num="14" count="3" type="stmt"/>
      <line num="15" count="9" type="cond" truecount="1" falsecount="1"/>
      <line num="16" count="0" type="stmt"/>
      <line num="17" count="9" type="cond" truecount="4" falsecount="0"/>
      <line num="18" count="1" type="stmt"/>
      <line num="19" count="8" type="cond" truecount="2" falsecount="2"/>
      <line num="20" count="0" type="stmt"/>
      <line num="23" count="8" type="stmt"/>
      <line num="24" count="104" type="stmt"/>
      <line num="25" count="104" type="cond" truecount="2" falsecount="0"/>
      <line num="27" count="91" type="stmt"/>
      <line num="28" count="91" type="stmt"/>
      <line num="29" count="91" type="stmt"/>
      <line num="30" count="91" type="cond" truecount="2" falsecount="0"/>
      <line num="31" count="5" type="stmt"/>
      <line num="33" count="91" type="stmt"/>
      <line num="35" count="13" type="stmt"/>
      <line num="38" count="8" type="stmt"/>
      <line num="41" count="1" type="stmt"/>
    </file>
    <file name="strings.js" path="C:\Users\elain\Documents\brainnest\unit-testing-assignment\scripts\strings.js">
      <metrics statements="13" coveredstatements="13" conditionals="8" coveredconditionals="8" methods="2" coveredmethods="2"/>
      <line num="4" count="9" type="cond" truecount="4" falsecount="0"/>
      <line num="5" count="3" type="stmt"/>
      <line num="8" count="6" type="stmt"/>
      <line num="10" count="6" type="stmt"/>
      <line num="12" count="6" type="stmt"/>
      <line num="21" count="10" type="cond" truecount="4" falsecount="0"/>
      <line num="22" count="3" type="stmt"/>
      <line num="25" count="7" type="stmt"/>
      <line num="28" count="7" type="stmt"/>
      <line num="31" count="7" type="stmt"/>
      <line num="32" count="7" type="stmt"/>
      <line num="34" count="7" type="stmt"/>
      <line num="37" count="1" type="stmt"/>
    </file>
  </project>
</coverage>
