{"C:\\Users\\elain\\Documents\\brainnest\\unit-testing-assignment\\scripts\\app.js": {"path":"C:\\Users\\elain\\Documents\\brainnest\\unit-testing-assignment\\scripts\\app.js","statementMap":{"0":{"start":{"line":4,"column":2},"end":{"line":6,"column":3}},"1":{"start":{"line":5,"column":4},"end":{"line":5,"column":47}},"2":{"start":{"line":8,"column":34},"end":{"line":8,"column":53}},"3":{"start":{"line":10,"column":22},"end":{"line":10,"column":74}},"4":{"start":{"line":12,"column":2},"end":{"line":16,"column":4}},"5":{"start":{"line":21,"column":2},"end":{"line":23,"column":3}},"6":{"start":{"line":22,"column":4},"end":{"line":22,"column":47}},"7":{"start":{"line":25,"column":21},"end":{"line":25,"column":34}},"8":{"start":{"line":28,"column":22},"end":{"line":28,"column":61}},"9":{"start":{"line":31,"column":28},"end":{"line":31,"column":51}},"10":{"start":{"line":32,"column":29},"end":{"line":32,"column":52}},"11":{"start":{"line":34,"column":2},"end":{"line":34,"column":62}},"12":{"start":{"line":37,"column":0},"end":{"line":37,"column":58}}},"fnMap":{"0":{"name":"capitalizeFirstLetter","decl":{"start":{"line":3,"column":9},"end":{"line":3,"column":30}},"loc":{"start":{"line":3,"column":39},"end":{"line":17,"column":1}},"line":3},"1":{"name":"reverseString","decl":{"start":{"line":20,"column":9},"end":{"line":20,"column":22}},"loc":{"start":{"line":20,"column":31},"end":{"line":35,"column":1}},"line":20}},"branchMap":{"0":{"loc":{"start":{"line":4,"column":2},"end":{"line":6,"column":3}},"type":"if","locations":[{"start":{"line":4,"column":2},"end":{"line":6,"column":3}},{"start":{},"end":{}}],"line":4},"1":{"loc":{"start":{"line":4,"column":6},"end":{"line":4,"column":62}},"type":"binary-expr","locations":[{"start":{"line":4,"column":6},"end":{"line":4,"column":32}},{"start":{"line":4,"column":36},"end":{"line":4,"column":62}}],"line":4},"2":{"loc":{"start":{"line":21,"column":2},"end":{"line":23,"column":3}},"type":"if","locations":[{"start":{"line":21,"column":2},"end":{"line":23,"column":3}},{"start":{},"end":{}}],"line":21},"3":{"loc":{"start":{"line":21,"column":6},"end":{"line":21,"column":62}},"type":"binary-expr","locations":[{"start":{"line":21,"column":6},"end":{"line":21,"column":32}},{"start":{"line":21,"column":36},"end":{"line":21,"column":62}}],"line":21}},"s":{"0":0,"1":0,"2":0,"3":0,"4":0,"5":10,"6":3,"7":7,"8":7,"9":7,"10":7,"11":7,"12":1},"f":{"0":0,"1":10},"b":{"0":[0,0],"1":[0,0],"2":[3,7],"3":[10,8]},"_coverageSchema":"1a1c01bbd47fc00a2c39e90264f33305004495a9","hash":"c050274f795aab5dd37e427af10b73b20ce7328d"}
}
