TN:
SF:scripts\calculator.js
FN:2,(anonymous_0)
FN:5,(anonymous_1)
FN:8,(anonymous_2)
FN:11,(anonymous_3)
FN:21,doCalculation
FNF:5
FNH:5
FNDA:7,(anonymous_0)
FNDA:6,(anonymous_1)
FNDA:6,(anonymous_2)
FNDA:6,(anonymous_3)
FNDA:29,doCalculation
DA:1,1
DA:3,7
DA:6,6
DA:9,6
DA:12,6
DA:13,0
DA:14,6
DA:15,1
DA:17,5
DA:22,29
DA:23,4
DA:27,25
DA:30,1
LF:13
LH:12
BRDA:12,0,0,0
BRDA:12,0,1,6
BRDA:12,1,0,6
BRDA:12,1,1,1
BRDA:14,2,0,1
BRDA:14,2,1,5
BRDA:14,3,0,6
BRDA:14,3,1,1
BRDA:22,4,0,4
BRDA:22,4,1,25
BRDA:22,5,0,29
BRDA:22,5,1,29
BRF:12
BRH:11
end_of_record
TN:
SF:scripts\strings.js
FN:3,capitalizeFirstLetter
FN:20,reverseString
FNF:2
FNH:2
FNDA:9,capitalizeFirstLetter
FNDA:10,reverseString
DA:4,9
DA:5,3
DA:8,6
DA:10,6
DA:12,6
DA:21,10
DA:22,3
DA:25,7
DA:28,7
DA:31,7
DA:32,7
DA:34,7
DA:39,1
LF:13
LH:13
BRDA:4,0,0,3
BRDA:4,0,1,6
BRDA:4,1,0,9
BRDA:4,1,1,7
BRDA:21,2,0,3
BRDA:21,2,1,7
BRDA:21,3,0,10
BRDA:21,3,1,8
BRF:8
BRH:8
end_of_record
