TN:
SF:scripts\calculator.js
FN:2,(anonymous_0)
FN:5,(anonymous_1)
FN:8,(anonymous_2)
FN:11,(anonymous_3)
FN:21,doCalculation
FNF:5
FNH:5
FNDA:7,(anonymous_0)
FNDA:6,(anonymous_1)
FNDA:6,(anonymous_2)
FNDA:6,(anonymous_3)
FNDA:29,doCalculation
DA:1,1
DA:3,7
DA:6,6
DA:9,6
DA:12,6
DA:13,0
DA:14,6
DA:15,1
DA:17,5
DA:22,29
DA:23,4
DA:27,25
DA:30,1
LF:13
LH:12
BRDA:12,0,0,0
BRDA:12,0,1,6
BRDA:12,1,0,6
BRDA:12,1,1,5
BRDA:14,2,0,1
BRDA:14,2,1,5
BRDA:14,3,0,6
BRDA:14,3,1,1
BRDA:22,4,0,4
BRDA:22,4,1,25
BRDA:22,5,0,29
BRDA:22,5,1,29
BRF:12
BRH:11
end_of_record
TN:
SF:scripts\cipher.js
FN:3,generateCaesarCipher
FNF:1
FNH:1
FNDA:17,generateCaesarCipher
DA:1,1
DA:4,17
DA:5,2
DA:6,15
DA:7,3
DA:10,12
DA:11,12
DA:13,12
DA:14,3
DA:15,9
DA:16,0
DA:17,9
DA:18,1
DA:19,8
DA:20,0
DA:23,8
DA:24,104
DA:25,104
DA:27,91
DA:28,91
DA:29,91
DA:30,91
DA:31,5
DA:33,91
DA:35,13
DA:38,8
DA:41,1
LF:27
LH:25
BRDA:4,0,0,2
BRDA:4,0,1,15
BRDA:6,1,0,3
BRDA:6,1,1,12
BRDA:6,2,0,15
BRDA:6,2,1,13
BRDA:6,2,2,12
BRDA:13,3,0,3
BRDA:13,3,1,9
BRDA:13,4,0,12
BRDA:13,4,1,10
BRDA:15,5,0,0
BRDA:15,5,1,9
BRDA:17,6,0,1
BRDA:17,6,1,8
BRDA:17,7,0,9
BRDA:17,7,1,1
BRDA:19,8,0,0
BRDA:19,8,1,8
BRDA:19,9,0,8
BRDA:19,9,1,0
BRDA:25,10,0,91
BRDA:25,10,1,13
BRDA:30,11,0,5
BRDA:30,11,1,86
BRF:25
BRH:22
end_of_record
TN:
SF:scripts\strings.js
FN:3,capitalizeFirstLetter
FN:20,reverseString
FNF:2
FNH:2
FNDA:9,capitalizeFirstLetter
FNDA:10,reverseString
DA:4,9
DA:5,3
DA:8,6
DA:10,6
DA:12,6
DA:21,10
DA:22,3
DA:25,7
DA:28,7
DA:31,7
DA:32,7
DA:34,7
DA:37,1
LF:13
LH:13
BRDA:4,0,0,3
BRDA:4,0,1,6
BRDA:4,1,0,9
BRDA:4,1,1,7
BRDA:21,2,0,3
BRDA:21,2,1,7
BRDA:21,3,0,10
BRDA:21,3,1,8
BRF:8
BRH:8
end_of_record
